<?xml version="1.0" encoding="UTF-8"?>
<testng-results ignored="0" total="5" passed="5" failed="0" skipped="0">
  <reporter-output>
  </reporter-output>
  <suite started-at="2026-02-03T18:05:16 IST" name="OpenCart Automation Suite" finished-at="2026-02-03T18:06:06 IST" duration-ms="49368">
    <groups>
      <group name="cucumber">
        <method signature="AbstractTestNGCucumberTests.runScenario(io.cucumber.testng.PickleWrapper,io.cucumber.testng.FeatureWrapper)[pri:0, instance:runners.TestRunner@3e0e1046]" name="runScenario" class="io.cucumber.testng.AbstractTestNGCucumberTests"/>
      </group> <!-- cucumber -->
    </groups>
    <test started-at="2026-02-03T18:05:16 IST" name="OpenCart Tests" finished-at="2026-02-03T18:06:06 IST" duration-ms="49368">
      <class name="runners.TestRunner">
        <test-method is-config="true" signature="setUpClass(org.testng.ITestContext)[pri:0, instance:runners.TestRunner@3e0e1046]" started-at="2026-02-03T18:05:16 IST" name="setUpClass" finished-at="2026-02-03T18:05:17 IST" duration-ms="913" status="PASS">
          <params>
            <param index="0">
              <value>
                <![CDATA[org.testng.TestRunner@49232c6f]]>
              </value>
            </param>
          </params>
          <reporter-output>
          </reporter-output>
        </test-method> <!-- setUpClass -->
        <test-method signature="runScenario(io.cucumber.testng.PickleWrapper,io.cucumber.testng.FeatureWrapper)[pri:0, instance:runners.TestRunner@3e0e1046]" started-at="2026-02-03T18:05:17 IST" name="runScenario" description="Runs Cucumber Scenarios" data-provider="scenarios" finished-at="2026-02-03T18:05:26 IST" duration-ms="8577" status="PASS">
          <params>
            <param index="0">
              <value>
                <![CDATA["Verify OpenCart home page launch"]]>
              </value>
            </param>
            <param index="1">
              <value>
                <![CDATA["OpenCart E-Commerce End-to-End Automation"]]>
              </value>
            </param>
          </params>
          <reporter-output>
          </reporter-output>
        </test-method> <!-- runScenario -->
        <test-method signature="runScenario(io.cucumber.testng.PickleWrapper,io.cucumber.testng.FeatureWrapper)[pri:0, instance:runners.TestRunner@3e0e1046]" started-at="2026-02-03T18:05:26 IST" name="runScenario" description="Runs Cucumber Scenarios" data-provider="scenarios" finished-at="2026-02-03T18:05:34 IST" duration-ms="8305" status="PASS">
          <params>
            <param index="0">
              <value>
                <![CDATA["Search product and add to cart"]]>
              </value>
            </param>
            <param index="1">
              <value>
                <![CDATA["OpenCart E-Commerce End-to-End Automation"]]>
              </value>
            </param>
          </params>
          <reporter-output>
          </reporter-output>
        </test-method> <!-- runScenario -->
        <test-method signature="runScenario(io.cucumber.testng.PickleWrapper,io.cucumber.testng.FeatureWrapper)[pri:0, instance:runners.TestRunner@3e0e1046]" started-at="2026-02-03T18:05:34 IST" name="runScenario" description="Runs Cucumber Scenarios" data-provider="scenarios" finished-at="2026-02-03T18:05:49 IST" duration-ms="14742" status="PASS">
          <params>
            <param index="0">
              <value>
                <![CDATA["Validate cart and remove product"]]>
              </value>
            </param>
            <param index="1">
              <value>
                <![CDATA["OpenCart E-Commerce End-to-End Automation"]]>
              </value>
            </param>
          </params>
          <reporter-output>
          </reporter-output>
        </test-method> <!-- runScenario -->
        <test-method signature="runScenario(io.cucumber.testng.PickleWrapper,io.cucumber.testng.FeatureWrapper)[pri:0, instance:runners.TestRunner@3e0e1046]" started-at="2026-02-03T18:05:49 IST" name="runScenario" description="Runs Cucumber Scenarios" data-provider="scenarios" finished-at="2026-02-03T18:05:59 IST" duration-ms="9934" status="PASS">
          <params>
            <param index="0">
              <value>
                <![CDATA["Complete end-to-end purchase flow"]]>
              </value>
            </param>
            <param index="1">
              <value>
                <![CDATA["OpenCart E-Commerce End-to-End Automation"]]>
              </value>
            </param>
          </params>
          <reporter-output>
          </reporter-output>
        </test-method> <!-- runScenario -->
        <test-method signature="runScenario(io.cucumber.testng.PickleWrapper,io.cucumber.testng.FeatureWrapper)[pri:0, instance:runners.TestRunner@3e0e1046]" started-at="2026-02-03T18:05:59 IST" name="runScenario" description="Runs Cucumber Scenarios" data-provider="scenarios" finished-at="2026-02-03T18:06:06 IST" duration-ms="6440" status="PASS">
          <params>
            <param index="0">
              <value>
                <![CDATA["Login with invalid credentials"]]>
              </value>
            </param>
            <param index="1">
              <value>
                <![CDATA["OpenCart E-Commerce End-to-End Automation"]]>
              </value>
            </param>
          </params>
          <reporter-output>
          </reporter-output>
        </test-method> <!-- runScenario -->
        <test-method is-config="true" signature="tearDownClass()[pri:0, instance:runners.TestRunner@3e0e1046]" started-at="2026-02-03T18:06:06 IST" name="tearDownClass" finished-at="2026-02-03T18:06:06 IST" duration-ms="129" status="PASS">
          <reporter-output>
          </reporter-output>
        </test-method> <!-- tearDownClass -->
      </class> <!-- runners.TestRunner -->
    </test> <!-- OpenCart Tests -->
  </suite> <!-- OpenCart Automation Suite -->
</testng-results>
