<?xml version="1.0" encoding="UTF-8"?>
<!-- Generated by org.testng.reporters.JUnitReportReporter -->
<testsuite hostname="Hash" failures="0" tests="5" name="runners.TestRunner" time="47.998" errors="0" timestamp="2026-02-03T18:06:06 IST" skipped="0">
  <testcase classname="runners.TestRunner" name="runScenario" time="6.440"/>
  <testcase classname="runners.TestRunner" name="runScenario" time="8.305"/>
  <testcase classname="runners.TestRunner" name="runScenario" time="9.934"/>
  <testcase classname="runners.TestRunner" name="runScenario" time="8.577"/>
  <testcase classname="runners.TestRunner" name="runScenario" time="14.742"/>
</testsuite> <!-- runners.TestRunner -->
